<?xml version="1.0" encoding="UTF-8"?>
<!-- Generated by org.testng.reporters.JUnitReportReporter -->
<testsuite hostname="Srinis-MacBook-Air.local" failures="0" tests="1" name="TestGumTree" time="60.034" errors="0" timestamp="2021-11-01T15:39:05 AEDT" skipped="0">
  <testcase classname="TestGumTree" name="TestSearch" time="60.034"/>
  <system-out/>
</testsuite> <!-- TestGumTree -->
