<?xml version="1.0" encoding="UTF-8"?>
<!-- Generated by org.testng.reporters.JUnitReportReporter -->
<testsuite hostname="Srinis-MacBook-Air.local" failures="0" tests="1" name="TestGumTree" time="62.556" errors="0" timestamp="2021-11-01T19:30:44 AEDT" skipped="0">
  <testcase classname="TestGumTree" name="TestSearch" time="62.556"/>
  <system-out/>
</testsuite> <!-- TestGumTree -->
